<?xml version="1.0" encoding="UTF-8"?>
<coverage generated="1761164521990" clover="3.2.0">
  <project timestamp="1761164521990" name="All files">
    <metrics statements="22" coveredstatements="21" conditionals="6" coveredconditionals="5" methods="8" coveredmethods="7" elements="36" coveredelements="33" complexity="0" loc="22" ncloc="22" packages="2" files="4" classes="4"/>
    <package name="react-lab">
      <metrics statements="2" coveredstatements="2" conditionals="0" coveredconditionals="0" methods="1" coveredmethods="1"/>
      <file name="testSetup.js" path="C:\Users\Alumno\Desktop\react-lab\testSetup.js">
        <metrics statements="2" coveredstatements="2" conditionals="0" coveredconditionals="0" methods="1" coveredmethods="1"/>
        <line num="5" count="3" type="stmt"/>
        <line num="6" count="7" type="stmt"/>
      </file>
    </package>
    <package name="react-lab.src.components">
      <metrics statements="20" coveredstatements="19" conditionals="6" coveredconditionals="5" methods="7" coveredmethods="6"/>
      <file name="Note.jsx" path="C:\Users\Alumno\Desktop\react-lab\src\components\Note.jsx">
        <metrics statements="3" coveredstatements="3" conditionals="2" coveredconditionals="1" methods="1" coveredmethods="1"/>
        <line num="1" count="1" type="stmt"/>
        <line num="2" count="2" type="cond" truecount="1" falsecount="1"/>
        <line num="4" count="2" type="stmt"/>
      </file>
      <file name="NoteForm.jsx" path="C:\Users\Alumno\Desktop\react-lab\src\components\NoteForm.jsx">
        <metrics statements="8" coveredstatements="8" conditionals="0" coveredconditionals="0" methods="3" coveredmethods="3"/>
        <line num="4" count="1" type="stmt"/>
        <line num="6" count="19" type="stmt"/>
        <line num="8" count="19" type="stmt"/>
        <line num="9" count="1" type="stmt"/>
        <line num="11" count="1" type="stmt"/>
        <line num="16" count="1" type="stmt"/>
        <line num="19" count="19" type="stmt"/>
        <line num="24" count="17" type="stmt"/>
      </file>
      <file name="Togglabe.jsx" path="C:\Users\Alumno\Desktop\react-lab\src\components\Togglabe.jsx">
        <metrics statements="9" coveredstatements="8" conditionals="4" coveredconditionals="4" methods="3" coveredmethods="2"/>
        <line num="3" count="1" type="stmt"/>
        <line num="4" count="7" type="stmt"/>
        <line num="6" count="7" type="cond" truecount="2" falsecount="0"/>
        <line num="7" count="7" type="cond" truecount="2" falsecount="0"/>
        <line num="9" count="7" type="stmt"/>
        <line num="10" count="3" type="stmt"/>
        <line num="13" count="7" type="stmt"/>
        <line num="14" count="0" type="stmt"/>
        <line num="19" count="7" type="stmt"/>
      </file>
    </package>
  </project>
</coverage>
