{"C:\\Users\\Alumno\\Desktop\\react-lab\\testSetup.js": {"path":"C:\\Users\\Alumno\\Desktop\\react-lab\\testSetup.js","statementMap":{"0":{"start":{"line":5,"column":0},"end":{"line":7,"column":null}},"1":{"start":{"line":6,"column":1},"end":{"line":6,"column":11}}},"fnMap":{"0":{"name":"(anonymous_0)","decl":{"start":{"line":5,"column":10},"end":{"line":5,"column":11}},"loc":{"start":{"line":5,"column":16},"end":{"line":7,"column":1}},"line":5}},"branchMap":{},"s":{"0":3,"1":7},"f":{"0":7},"b":{},"meta":{"lastBranch":0,"lastFunction":1,"lastStatement":2,"seen":{"s:5:0:7:Infinity":0,"f:5:10:5:11":0,"s:6:1:6:11":1}}}
,"C:\\Users\\Alumno\\Desktop\\react-lab\\src\\components\\Note.jsx": {"path":"C:\\Users\\Alumno\\Desktop\\react-lab\\src\\components\\Note.jsx","statementMap":{"0":{"start":{"line":1,"column":13},"end":{"line":10,"column":null}},"1":{"start":{"line":2,"column":16},"end":{"line":2,"column":null}},"2":{"start":{"line":4,"column":2},"end":{"line":8,"column":null}}},"fnMap":{"0":{"name":"(anonymous_0)","decl":{"start":{"line":1,"column":13},"end":{"line":1,"column":14}},"loc":{"start":{"line":1,"column":45},"end":{"line":10,"column":null}},"line":1}},"branchMap":{"0":{"loc":{"start":{"line":2,"column":16},"end":{"line":2,"column":null}},"type":"cond-expr","locations":[{"start":{"line":2,"column":33},"end":{"line":2,"column":56}},{"start":{"line":2,"column":56},"end":{"line":2,"column":null}}],"line":2}},"s":{"0":1,"1":2,"2":2},"f":{"0":2},"b":{"0":[2,0]},"meta":{"lastBranch":1,"lastFunction":1,"lastStatement":3,"seen":{"s:1:13:10:Infinity":0,"f:1:13:1:14":0,"s:2:16:2:Infinity":1,"b:2:33:2:56:2:56:2:Infinity":0,"s:4:2:8:Infinity":2}}}
,"C:\\Users\\Alumno\\Desktop\\react-lab\\src\\components\\NoteForm.jsx": {"path":"C:\\Users\\Alumno\\Desktop\\react-lab\\src\\components\\NoteForm.jsx","statementMap":{"0":{"start":{"line":4,"column":17},"end":{"line":29,"column":null}},"1":{"start":{"line":6,"column":28},"end":{"line":6,"column":null}},"2":{"start":{"line":8,"column":18},"end":{"line":17,"column":null}},"3":{"start":{"line":9,"column":4},"end":{"line":9,"column":null}},"4":{"start":{"line":11,"column":4},"end":{"line":14,"column":null}},"5":{"start":{"line":16,"column":4},"end":{"line":16,"column":null}},"6":{"start":{"line":19,"column":2},"end":{"line":27,"column":null}},"7":{"start":{"line":24,"column":50},"end":{"line":24,"column":82}}},"fnMap":{"0":{"name":"(anonymous_0)","decl":{"start":{"line":4,"column":17},"end":{"line":4,"column":18}},"loc":{"start":{"line":4,"column":37},"end":{"line":29,"column":null}},"line":4},"1":{"name":"(anonymous_1)","decl":{"start":{"line":8,"column":18},"end":{"line":8,"column":27}},"loc":{"start":{"line":8,"column":27},"end":{"line":17,"column":null}},"line":8},"2":{"name":"(anonymous_2)","decl":{"start":{"line":24,"column":41},"end":{"line":24,"column":50}},"loc":{"start":{"line":24,"column":50},"end":{"line":24,"column":82}},"line":24}},"branchMap":{},"s":{"0":1,"1":19,"2":19,"3":1,"4":1,"5":1,"6":19,"7":17},"f":{"0":19,"1":1,"2":17},"b":{},"meta":{"lastBranch":0,"lastFunction":3,"lastStatement":8,"seen":{"s:4:17:29:Infinity":0,"f:4:17:4:18":0,"s:6:28:6:Infinity":1,"s:8:18:17:Infinity":2,"f:8:18:8:27":1,"s:9:4:9:Infinity":3,"s:11:4:14:Infinity":4,"s:16:4:16:Infinity":5,"s:19:2:27:Infinity":6,"f:24:41:24:50":2,"s:24:50:24:82":7}}}
,"C:\\Users\\Alumno\\Desktop\\react-lab\\src\\components\\Togglabe.jsx": {"path":"C:\\Users\\Alumno\\Desktop\\react-lab\\src\\components\\Togglabe.jsx","statementMap":{"0":{"start":{"line":3,"column":6},"end":{"line":30,"column":null}},"1":{"start":{"line":4,"column":28},"end":{"line":4,"column":null}},"2":{"start":{"line":6,"column":26},"end":{"line":6,"column":null}},"3":{"start":{"line":7,"column":26},"end":{"line":7,"column":null}},"4":{"start":{"line":9,"column":27},"end":{"line":11,"column":null}},"5":{"start":{"line":10,"column":4},"end":{"line":10,"column":null}},"6":{"start":{"line":13,"column":2},"end":{"line":17,"column":null}},"7":{"start":{"line":14,"column":4},"end":{"line":16,"column":null}},"8":{"start":{"line":19,"column":2},"end":{"line":28,"column":null}}},"fnMap":{"0":{"name":"(anonymous_0)","decl":{"start":{"line":3,"column":28},"end":{"line":3,"column":29}},"loc":{"start":{"line":3,"column":45},"end":{"line":30,"column":1}},"line":3},"1":{"name":"(anonymous_1)","decl":{"start":{"line":9,"column":27},"end":{"line":9,"column":33}},"loc":{"start":{"line":9,"column":33},"end":{"line":11,"column":null}},"line":9},"2":{"name":"(anonymous_2)","decl":{"start":{"line":13,"column":28},"end":{"line":13,"column":34}},"loc":{"start":{"line":13,"column":34},"end":{"line":17,"column":3}},"line":13}},"branchMap":{"0":{"loc":{"start":{"line":6,"column":37},"end":{"line":6,"column":59}},"type":"cond-expr","locations":[{"start":{"line":6,"column":47},"end":{"line":6,"column":56}},{"start":{"line":6,"column":56},"end":{"line":6,"column":59}}],"line":6},"1":{"loc":{"start":{"line":7,"column":37},"end":{"line":7,"column":59}},"type":"cond-expr","locations":[{"start":{"line":7,"column":47},"end":{"line":7,"column":52}},{"start":{"line":7,"column":52},"end":{"line":7,"column":59}}],"line":7}},"s":{"0":1,"1":7,"2":7,"3":7,"4":7,"5":3,"6":7,"7":0,"8":7},"f":{"0":7,"1":3,"2":0},"b":{"0":[2,5],"1":[2,5]},"meta":{"lastBranch":2,"lastFunction":3,"lastStatement":9,"seen":{"s:3:6:30:Infinity":0,"f:3:28:3:29":0,"s:4:28:4:Infinity":1,"s:6:26:6:Infinity":2,"b:6:47:6:56:6:56:6:59":0,"s:7:26:7:Infinity":3,"b:7:47:7:52:7:52:7:59":1,"s:9:27:11:Infinity":4,"f:9:27:9:33":1,"s:10:4:10:Infinity":5,"s:13:2:17:Infinity":6,"f:13:28:13:34":2,"s:14:4:16:Infinity":7,"s:19:2:28:Infinity":8}}}
}
